<?xml version="1.0" encoding="UTF-8"?>
<!-- Generated by org.testng.reporters.JUnitReportReporter -->
<testsuite skipped="0" hostname="DESKTOP-3KU341F" name="Selenium.Testing_Google_Logo" tests="1" failures="0" timestamp="15 Mar 2021 08:17:03 GMT" time="15.360" errors="0">
  <testcase name="logo" time="15.360" classname="Selenium.Testing_Google_Logo"/>
</testsuite> <!-- Selenium.Testing_Google_Logo -->
