<?xml version="1.0" encoding="UTF-8"?>
<!-- Generated by org.testng.reporters.JUnitReportReporter -->
<testsuite skipped="0" hostname="DESKTOP-3KU341F" name="Selenium.BasicSelenium" tests="3" failures="0" timestamp="15 Mar 2021 06:31:14 GMT" time="56.885" errors="0">
  <testcase name="gettitle" time="10.236" classname="Selenium.BasicSelenium"/>
  <testcase name="loginpage" time="7.755" classname="Selenium.BasicSelenium"/>
  <testcase name="image" time="38.894" classname="Selenium.BasicSelenium"/>
</testsuite> <!-- Selenium.BasicSelenium -->
